Running: C:\Xilinx\14.7\ISE_DS\ISE\bin\nt\unwrapped\fuse.exe -intstyle ise -incremental -o C:/Users/lab/donaldtrump/226228_226141_Pajdak_Slowinski/Projekt/Winamp/Module1_Test_isim_beh.exe -prj C:/Users/lab/donaldtrump/226228_226141_Pajdak_Slowinski/Projekt/Winamp/Module1_Test_beh.prj work.Module1_Test 
ISim P.20131013 (signature 0x8ef4fb42)
Number of CPUs detected in this system: 2
Turning on mult-threading, number of parallel sub-compilation jobs: 4 
Determining compilation order of HDL files
Parsing VHDL file "C:/Users/lab/donaldtrump/226228_226141_Pajdak_Slowinski/Projekt/Winamp/Module1.vhd" into library work
Parsing VHDL file "C:/Users/lab/donaldtrump/226228_226141_Pajdak_Slowinski/Projekt/Winamp/Module1_Test.vhd" into library work
Starting static elaboration
Completed static elaboration
Fuse Memory Usage: 102108 KB
Fuse CPU Usage: 295 ms
Compiling package standard
Compiling package std_logic_1164
Compiling package numeric_std
Compiling architecture behavioral of entity Module1 [module1_default]
Compiling architecture behavior of entity module1_test
Time Resolution for simulation is 1ps.
Waiting for 1 sub-compilation(s) to finish...
Compiled 6 VHDL Units
Built simulation executable C:/Users/lab/donaldtrump/226228_226141_Pajdak_Slowinski/Projekt/Winamp/Module1_Test_isim_beh.exe
Fuse Memory Usage: 116620 KB
Fuse CPU Usage: 436 ms
