ISim log file
Running: C:\Users\lab\donaldtrump\226228_226141_Pajdak_Slowinski\Projekt\Winamp\Module1_Test_isim_beh.exe -intstyle ise -gui -tclbatch isim.cmd -wdb C:/Users/lab/donaldtrump/226228_226141_Pajdak_Slowinski/Projekt/Winamp/Module1_Test_isim_beh.wdb 
ISim P.20131013 (signature 0x8ef4fb42)
----------------------------------------------------------------------
WARNING:Security:42 - Your software subscription period has lapsed. Your current version of Xilinx tools will continue to function, but you no longer qualify for Xilinx software updates or new releases.


----------------------------------------------------------------------
This is a Full version of ISim.
Time resolution is 1 ps
# onerror resume
# wave add /
# run 1000 ns
Simulator is doing circuit initialization process.
Finished circuit initialization process.
# restart
# run 1.00us
Simulator is doing circuit initialization process.
Finished circuit initialization process.
# run 1.00us
# run 1.00us
# run 1.00us
# run 1.00us
# run 1.00us
# run 1.00us
# run 1.00us
# run 1.00us
# restart
# restart
# run 1.00us
Simulator is doing circuit initialization process.
Finished circuit initialization process.
# run 1.00us
# run 1.00us
# restart
# restart
# run 1.00us
Simulator is doing circuit initialization process.
Finished circuit initialization process.
# restart
# run 1.00us
Simulator is doing circuit initialization process.
Finished circuit initialization process.
# run 1.00us
# run 1.00us
# run 1.00us
# run 1.00us
# run 1.00us
# run 1.00us
# run 1.00us
# run 1.00us
# run 1.00us
# run 1.00us
# run 1.00us
# run 1.00us
# run 1.00us
# run 1.00us
# run 1.00us
# run 1.00us
# run 1.00us
# run 1.00us
# run 1.00us
# run 1.00us
# run 1.00us
# run 1.00us
# run 1.00us
# run 1.00us
# run 1.00us
# run 1.00us
# run 1.00us
# run 1.00us
# run 1.00us
# run 1.00us
# run 1.00us
# step
Stopped at time : 32005 ns : File "C:/Users/lab/donaldtrump/226228_226141_Pajdak_Slowinski/Projekt/Winamp/Module1_Test.vhd" Line 87
# restart
# run 1.00s
Simulator is doing circuit initialization process.
Finished circuit initialization process.
Stopped at time : 56995805 ns : File "C:/Users/lab/donaldtrump/226228_226141_Pajdak_Slowinski/Projekt/Winamp/Module1.vhd" Line 194
# restart
# run 1.00s
Simulator is doing circuit initialization process.
Finished circuit initialization process.
Stopped at time : 11379295 ns : File "C:/Users/lab/donaldtrump/226228_226141_Pajdak_Slowinski/Projekt/Winamp/Module1.vhd" Line 109
# restart
# run 1.00us
Simulator is doing circuit initialization process.
Finished circuit initialization process.
# run 1.00us
# run 1.00us
# run 1.00us
# run 1.00us
# run 1.00us
